<?xml version="1.0" encoding="UTF-8" ?>
<testsuites>
<testsuite name="ImageSelect" errors="0" tests="1" failures="1" time="0.005" timestamp="2019-05-22T18:26:53">
  <testcase classname="ImageSelect" name="exists" time="0.004"><failure type="expect" message="TypeError: jasmine.addMatchers is not a function">TypeError: jasmine.addMatchers is not a function
    at jasmine.Spec.&amp;lt;anonymous&amp;gt; (/Users/bill/projects/music-theory-app/spec/helpers/jasmine_examples/SpecHelper.js:2:11)
    at jasmine.Block.execute (/Users/bill/projects/music-theory-app/node_modules/jasmine-node/lib/jasmine-node/jasmine-1.3.1.js:1145:17)
    at jasmine.Queue.next_ (/Users/bill/projects/music-theory-app/node_modules/jasmine-node/lib/jasmine-node/jasmine-1.3.1.js:2177:31)
    at jasmine.Queue.start (/Users/bill/projects/music-theory-app/node_modules/jasmine-node/lib/jasmine-node/jasmine-1.3.1.js:2130:8)
    at jasmine.Spec.execute (/Users/bill/projects/music-theory-app/node_modules/jasmine-node/lib/jasmine-node/jasmine-1.3.1.js:2458:14)
    at jasmine.Queue.next_ (/Users/bill/projects/music-theory-app/node_modules/jasmine-node/lib/jasmine-node/jasmine-1.3.1.js:2177:31)
    at jasmine.Queue.start (/Users/bill/projects/music-theory-app/node_modules/jasmine-node/lib/jasmine-node/jasmine-1.3.1.js:2130:8)
    at jasmine.Suite.execute (/Users/bill/projects/music-theory-app/node_modules/jasmine-node/lib/jasmine-node/jasmine-1.3.1.js:2604:14)
    at jasmine.Queue.next_ (/Users/bill/projects/music-theory-app/node_modules/jasmine-node/lib/jasmine-node/jasmine-1.3.1.js:2177:31)
    at jasmine.Queue.start (/Users/bill/projects/music-theory-app/node_modules/jasmine-node/lib/jasmine-node/jasmine-1.3.1.js:2130:8)</failure></testcase>
</testsuite>
</testsuites>